nohup: appending output to 'nohup.out'
nohup: appending output to 'nohup.out'
nohup: appending output to 'nohup.out'
nohup: appending output to ‘nohup.out’
Browserslist: caniuse-lite is outdated. Please run:
  npx browserslist@latest --update-db
  Why you should do it regularly: https://github.com/browserslist/browserslist#browsers-data-updating
nohup: appending output to ‘nohup.out’
Browserslist: caniuse-lite is outdated. Please run:
  npx browserslist@latest --update-db
  Why you should do it regularly: https://github.com/browserslist/browserslist#browsers-data-updating
nohup: appending output to ‘nohup.out’
Browserslist: caniuse-lite is outdated. Please run:
  npx browserslist@latest --update-db
  Why you should do it regularly: https://github.com/browserslist/browserslist#browsers-data-updating
nohup: appending output to ‘nohup.out’
nohup: appending output to ‘nohup.out’
Browserslist: caniuse-lite is outdated. Please run:
  npx browserslist@latest --update-db
  Why you should do it regularly: https://github.com/browserslist/browserslist#browsers-data-updating
nohup: appending output to ‘nohup.out’
Browserslist: caniuse-lite is outdated. Please run:
  npx browserslist@latest --update-db
  Why you should do it regularly: https://github.com/browserslist/browserslist#browsers-data-updating
nohup: appending output to ‘nohup.out’
nohup: appending output to ‘nohup.out’
nohup: appending output to ‘nohup.out’
nohup: appending output to ‘nohup.out’
Browserslist: caniuse-lite is outdated. Please run:
  npx browserslist@latest --update-db
  Why you should do it regularly: https://github.com/browserslist/browserslist#browsers-data-updating
nohup: appending output to ‘nohup.out’
error Command failed with exit code 1.
nohup: appending output to ‘nohup.out’
nohup: appending output to ‘nohup.out’
nohup: appending output to ‘nohup.out’
nohup: appending output to ‘nohup.out’
nohup: appending output to ‘nohup.out’
nohup: appending output to ‘nohup.out’
Browserslist: caniuse-lite is outdated. Please run:
  npx browserslist@latest --update-db
  Why you should do it regularly: https://github.com/browserslist/browserslist#browsers-data-updating
nohup: appending output to ‘nohup.out’
nohup: appending output to ‘nohup.out’
Browserslist: caniuse-lite is outdated. Please run:
  npx browserslist@latest --update-db
  Why you should do it regularly: https://github.com/browserslist/browserslist#browsers-data-updating
nohup: appending output to ‘nohup.out’
Browserslist: caniuse-lite is outdated. Please run:
  npx browserslist@latest --update-db
  Why you should do it regularly: https://github.com/browserslist/browserslist#browsers-data-updating
[HPM] Error occurred while trying to proxy request /api/etherPriceCoinGecko from bridge.bescbridge.network to https://api.coingecko.com/api/v3/simple/price?ids=ethereum&vs_currencies=USD (ENOTFOUND) (https://nodejs.org/api/errors.html#errors_common_system_errors)
[HPM] Error occurred while trying to proxy request /api/etherPriceCoinGecko from bridge.bescbridge.network to https://api.coingecko.com/api/v3/simple/price?ids=ethereum&vs_currencies=USD (ENOTFOUND) (https://nodejs.org/api/errors.html#errors_common_system_errors)
[HPM] Error occurred while trying to proxy request /api/etherPriceCoinGecko from bridge.bescbridge.network to https://api.coingecko.com/api/v3/simple/price?ids=ethereum&vs_currencies=USD (ENOTFOUND) (https://nodejs.org/api/errors.html#errors_common_system_errors)
